<?xml version="1.0" encoding="UTF-8"?>
<!-- Generated by org.testng.reporters.JUnitXMLReporter -->
<testsuite ignored="1" hostname="SHREENIBAS" failures="0" tests="1" name="Default test(failed)" time="0.139" errors="0" timestamp="2025-02-28T18:08:11 IST">
  <testcase classname="testNG.reporting.ReportingSampleTest" name="reporting2Test" time="0.024"/>
  <testcase classname="testNG.reporting.ReportingSampleTest" name="reporting1Test" time="0.0">
    <ignored/>
  </testcase> <!-- reporting1Test -->
</testsuite> <!-- Default test(failed) -->
