<?xml version="1.0" encoding="UTF-8"?>
<!-- Generated by org.testng.reporters.JUnitXMLReporter -->
<testsuite ignored="0" hostname="SHREENIBAS" failures="1" tests="2" name="Surefire test" time="0.079" errors="0" timestamp="2025-02-13T15:53:02 IST">
  <testcase classname="DDTfromCMD_LINE.ReadRuntimeMavenParameterTest" name="runtimeParameterTest" time="0.007"/>
  <testcase classname="DDTfromCMD_LINE.SeleniumTestReadDataFromRuntimeTest" name="seleniumtest" time="0.004">
    <failure type="java.lang.NullPointerException" message="Cannot invoke &amp;quot;String.equals(Object)&amp;quot; because &amp;quot;BROWSER&amp;quot; is null">
      <![CDATA[java.lang.NullPointerException: Cannot invoke "String.equals(Object)" because "BROWSER" is null
at DDTfromCMD_LINE.SeleniumTestReadDataFromRuntimeTest.seleniumtest(SeleniumTestReadDataFromRuntimeTest.java:36)
at java.base/java.util.ArrayList.forEach(ArrayList.java:1597)
... Removed 30 stack frames]]>
    </failure>
  </testcase> <!-- seleniumtest -->
</testsuite> <!-- Surefire test -->
