<?xml version="1.0" encoding="UTF-8"?>
<testsuite name="Default test"
           tests="8"
           failures="1"
           errors="0"
           skipped="7"
           time="0.006">
    <properties></properties>

            <testcase
                name="configBC"
                time="0.004"
                classname="testNG.Listener.ListenerInvoiceTest">

            <failure type="java.io.FileNotFoundException" message=".\configAppData\vtigerCommondata.properties (The system cannot find the file specified)">
                <![CDATA[java.io.FileNotFoundException: .\configAppData\vtigerCommondata.properties (The system cannot find the file specified)
                java.base/java.io.FileInputStream.open0(Native Method)java.base/java.io.FileInputStream.open(FileInputStream.java:213)java.base/java.io.FileInputStream.<init>(FileInputStream.java:152)java.base/java.io.FileInputStream.<init>(FileInputStream.java:106)generic.fileutility.FileUtility.getDataFromPropertiesFile(FileUtility.java:10)generic.baseutility.BaseClassIListener.configBC(BaseClassIListener.java:47)java.base/jdk.internal.reflect.DirectMethodHandleAccessor.invoke(DirectMethodHandleAccessor.java:103)java.base/java.lang.reflect.Method.invoke(Method.java:580)org.testng.internal.invokers.MethodInvocationHelper.invokeMethod(MethodInvocationHelper.java:141)org.testng.internal.invokers.MethodInvocationHelper.invokeMethodConsideringTimeout(MethodInvocationHelper.java:71)org.testng.internal.invokers.ConfigInvoker.invokeConfigurationMethod(ConfigInvoker.java:400)org.testng.internal.invokers.ConfigInvoker.invokeConfigurations(ConfigInvoker.java:333)org.testng.internal.invokers.TestMethodWorker.invokeBeforeClassMethods(TestMethodWorker.java:188)org.testng.internal.invokers.TestMethodWorker.run(TestMethodWorker.java:128)java.base/java.util.ArrayList.forEach(ArrayList.java:1597)org.testng.TestRunner.privateRun(TestRunner.java:741)org.testng.TestRunner.run(TestRunner.java:616)org.testng.SuiteRunner.runTest(SuiteRunner.java:421)org.testng.SuiteRunner.runSequentially(SuiteRunner.java:413)org.testng.SuiteRunner.privateRun(SuiteRunner.java:373)org.testng.SuiteRunner.run(SuiteRunner.java:312)org.testng.SuiteRunnerWorker.runSuite(SuiteRunnerWorker.java:52)org.testng.SuiteRunnerWorker.run(SuiteRunnerWorker.java:95)org.testng.TestNG.runSuitesSequentially(TestNG.java:1274)org.testng.TestNG.runSuitesLocally(TestNG.java:1208)org.testng.TestNG.runSuites(TestNG.java:1112)org.testng.TestNG.run(TestNG.java:1079)org.testng.remote.AbstractRemoteTestNG.run(AbstractRemoteTestNG.java:115)org.testng.remote.RemoteTestNG.initAndRun(RemoteTestNG.java:293)org.testng.remote.RemoteTestNG.main(RemoteTestNG.java:91)
]]>
            </failure>
    </testcase>

            <testcase
                name="configBeforeMethod"
                time="0.0"
                classname="testNG.Listener.ListenerInvoiceTest">
            </testcase>
            <testcase
                name="configBeforeMethod"
                time="0.0"
                classname="testNG.Listener.ListenerInvoiceTest">
            </testcase>
            <testcase
                name="configAfterMethod"
                time="0.0"
                classname="testNG.Listener.ListenerInvoiceTest">
            </testcase>
            <testcase
                name="configAfterMethod"
                time="0.0"
                classname="testNG.Listener.ListenerInvoiceTest">
            </testcase>
            <testcase
                name="configAC"
                time="0.0"
                classname="testNG.Listener.ListenerInvoiceTest">
            </testcase>
            <testcase
                name="createInvoiceTest"
                time="0.0"
                classname="testNG.Listener.ListenerInvoiceTest">
            </testcase>
            <testcase
                name="createInvoiceWithContactTest"
                time="0.0"
                classname="testNG.Listener.ListenerInvoiceTest">
            </testcase>

</testsuite>
