<?xml version="1.0" encoding="UTF-8"?>
<testsuite name="Default test"
           tests="2"
           failures="0"
           errors="0"
           skipped="0"
           time="0.023">
    <properties></properties>



            <testcase
                name="reporting1Test"
                time="0.020"
                classname="testNG.reporting.ReportingSampleTest">
            </testcase>
            <testcase
                name="reporting2Test"
                time="0.003"
                classname="testNG.reporting.ReportingSampleTest">
            </testcase>
</testsuite>
